Welcome to Xilinx CORE Generator.
Help system initialized.
The IP Catalog has been reloaded.
Wrote CGP file for project 'coregen'.
Customize and Generate
INFO:sim:172 - Generating IP...
Applying current project options...
Finished applying current project options.
Resolving generics for 'multiplier'...
Applying external generics to 'multiplier'...
Delivering associated files for 'multiplier'...
Generating implementation netlist for 'multiplier'...
INFO:sim - Pre-processing HDL files for 'multiplier'...
Running synthesis for 'multiplier'
Running ngcbuild...
Writing VHO instantiation template for 'multiplier'...
Writing VHDL behavioral simulation model for 'multiplier'...
Delivered 3 files into directory C:/Users/Erik Piehl/Dropbox/Omat/trunk/breadboard/bb-lx9/ipcore_dir/tmp/_cg/multiplier
Delivered 1 file into directory C:/Users/Erik Piehl/Dropbox/Omat/trunk/breadboard/bb-lx9/ipcore_dir/tmp/_cg/multiplier
Generating ASY schematic symbol...
INFO:sim:949 - Finished generation of ASY schematic symbol.
Generating metadata file...
Generating ISE project file for 'multiplier'...
Generating ISE project...
XCO file found: multiplier.xco
XMDF file found: multiplier_xmdf.tcl
Adding C:/Users/Erik Piehl/Dropbox/Omat/trunk/breadboard/bb-lx9/ipcore_dir/tmp/_cg/multiplier.asy -view all -origin_type imported
Adding C:/Users/Erik Piehl/Dropbox/Omat/trunk/breadboard/bb-lx9/ipcore_dir/tmp/_cg/multiplier.ngc -view all -origin_type created
Checking file "C:/Users/Erik
Piehl/Dropbox/Omat/trunk/breadboard/bb-lx9/ipcore_dir/tmp/_cg/multiplier.ngc"
for project device match ...
File "C:/Users/Erik
Piehl/Dropbox/Omat/trunk/breadboard/bb-lx9/ipcore_dir/tmp/_cg/multiplier.ngc"
device information matches project device.
Adding C:/Users/Erik Piehl/Dropbox/Omat/trunk/breadboard/bb-lx9/ipcore_dir/tmp/_cg/multiplier.vhd -view all -origin_type created
INFO:HDLCompiler:1061 - Parsing VHDL file "C:/Users/Erik
   Piehl/Dropbox/Omat/trunk/breadboard/bb-lx9/ipcore_dir/tmp/_cg/multiplier.vhd"
   into library work
INFO:ProjectMgmt - Parsing design hierarchy completed successfully.
Adding C:/Users/Erik Piehl/Dropbox/Omat/trunk/breadboard/bb-lx9/ipcore_dir/tmp/_cg/multiplier.vho -view all -origin_type imported
INFO:TclTasksC:2116 - The automatic calculation of top has been turned-off.
   Please set the new top explicitly by running the "project set top" command.
   To re-calculate the new top automatically, set the "Auto Implementation Top"
   property to true.
Top level has been set to "/multiplier"
Generating README file...
Generating FLIST file...
INFO:sim:948 - Finished FLIST file generation.
Launching README viewer...
Moving files to output directory...
Finished moving files to output directory
Saved CGP file for project 'coregen'.